[debug] [2025-05-03T09:39:59.155Z] ----------------------------------------------------------------------
[debug] [2025-05-03T09:39:59.158Z] Command:       D:\Program Files\nodejs\node.exe C:\Users\lenovo\AppData\Roaming\npm\node_modules\firebase-tools\lib\bin\firebase.js init
[debug] [2025-05-03T09:39:59.158Z] CLI Version:   14.2.2
[debug] [2025-05-03T09:39:59.158Z] Platform:      win32
[debug] [2025-05-03T09:39:59.159Z] Node Version:  v22.15.0
[debug] [2025-05-03T09:39:59.159Z] Time:          Sat May 03 2025 17:39:59 GMT+0800 (中国标准时间)
[debug] [2025-05-03T09:39:59.159Z] ----------------------------------------------------------------------
[debug] 
[debug] [2025-05-03T09:39:59.164Z] > command requires scopes: ["email","openid","https://www.googleapis.com/auth/cloudplatformprojects.readonly","https://www.googleapis.com/auth/firebase","https://www.googleapis.com/auth/cloud-platform"]
[debug] [2025-05-03T09:40:04.227Z] Error: Timed out.
    at Timeout._onTimeout (C:\Users\lenovo\AppData\Roaming\npm\node_modules\firebase-tools\lib\utils.js:269:49)
    at listOnTimeout (node:internal/timers:588:17)
    at process.processTimers (node:internal/timers:523:7)
[error] 
[error] Error: An unexpected error has occurred.
[debug] [2025-05-03T09:40:35.461Z] ----------------------------------------------------------------------
[debug] [2025-05-03T09:40:35.464Z] Command:       D:\Program Files\nodejs\node.exe C:\Users\lenovo\AppData\Roaming\npm\node_modules\firebase-tools\lib\bin\firebase.js init
[debug] [2025-05-03T09:40:35.465Z] CLI Version:   14.2.2
[debug] [2025-05-03T09:40:35.465Z] Platform:      win32
[debug] [2025-05-03T09:40:35.465Z] Node Version:  v22.15.0
[debug] [2025-05-03T09:40:35.465Z] Time:          Sat May 03 2025 17:40:35 GMT+0800 (中国标准时间)
[debug] [2025-05-03T09:40:35.465Z] ----------------------------------------------------------------------
[debug] 
[debug] [2025-05-03T09:40:35.470Z] > command requires scopes: ["email","openid","https://www.googleapis.com/auth/cloudplatformprojects.readonly","https://www.googleapis.com/auth/firebase","https://www.googleapis.com/auth/cloud-platform"]
[debug] [2025-05-03T09:40:40.532Z] Error: Timed out.
    at Timeout._onTimeout (C:\Users\lenovo\AppData\Roaming\npm\node_modules\firebase-tools\lib\utils.js:269:49)
    at listOnTimeout (node:internal/timers:588:17)
    at process.processTimers (node:internal/timers:523:7)
[error] 
[error] Error: An unexpected error has occurred.
[debug] [2025-05-03T09:43:06.538Z] ----------------------------------------------------------------------
[debug] [2025-05-03T09:43:06.541Z] Command:       D:\Program Files\nodejs\node.exe C:\Users\lenovo\AppData\Roaming\npm\node_modules\firebase-tools\lib\bin\firebase.js login
[debug] [2025-05-03T09:43:06.541Z] CLI Version:   14.2.2
[debug] [2025-05-03T09:43:06.541Z] Platform:      win32
[debug] [2025-05-03T09:43:06.541Z] Node Version:  v22.15.0
[debug] [2025-05-03T09:43:06.541Z] Time:          Sat May 03 2025 17:43:06 GMT+0800 (中国标准时间)
[debug] [2025-05-03T09:43:06.542Z] ----------------------------------------------------------------------
[debug] 
[info] i  Firebase optionally collects CLI and Emulator Suite usage and error reporting information to help improve our products. Data is collected in accordance with Google's privacy policy (https://policies.google.com/privacy) and is not used to identify you.
 
[info] i  To change your data collection preference at any time, run `firebase logout` and log in again. 
[info] 
[info] Visit this URL on this device to log in:
[info] https://accounts.google.com/o/oauth2/auth?client_id=563584335869-fgrhgmd47bqnekij5i8b5pr03ho849e6.apps.googleusercontent.com&scope=email%20openid%20https%3A%2F%2Fwww.googleapis.com%2Fauth%2Fcloudplatformprojects.readonly%20https%3A%2F%2Fwww.googleapis.com%2Fauth%2Ffirebase%20https%3A%2F%2Fwww.googleapis.com%2Fauth%2Fcloud-platform&response_type=code&state=545446607&redirect_uri=http%3A%2F%2Flocalhost%3A9005
[info] 
[info] Waiting for authentication...
[debug] [2025-05-03T09:43:19.789Z] >>> [apiv2][query] POST https://accounts.google.com/o/oauth2/token [none]
[debug] [2025-05-03T09:43:19.789Z] >>> [apiv2][body] POST https://accounts.google.com/o/oauth2/token [omitted]
[debug] [2025-05-03T09:43:47.334Z] *** [apiv2] error from fetch(https://accounts.google.com/o/oauth2/token, {"headers":{},"method":"POST","body":{"_overheadLength":543,"_valueLength":208,"_valuesToMeasure":[],"writable":false,"readable":true,"dataSize":0,"maxDataSize":2097152,"pauseStreams":true,"_released":true,"_streams":[],"_currentStream":null,"_insideLoop":false,"_pendingNext":false,"_boundary":"--------------------------439387615369508251764323","_events":{},"_eventsCount":1}}): FetchError: request to https://accounts.google.com/o/oauth2/token failed, reason: read ECONNRESET
[debug] [2025-05-03T09:43:47.334Z] Token Fetch Error: FirebaseError: Failed to make request to https://accounts.google.com/o/oauth2/token
    at RetryOperation._fn (C:\Users\lenovo\AppData\Roaming\npm\node_modules\firebase-tools\lib\apiv2.js:261:31)
    at process.processTicksAndRejections (node:internal/process/task_queues:105:5)
[error] Authentication Error: Your credentials are no longer valid. Please run firebase login --reauth

For CI servers and headless environments, generate a new token with firebase login:ci
[debug] [2025-05-03T09:43:47.338Z] >>> [apiv2][query] POST https://auth.firebase.tools/attest [none]
[debug] [2025-05-03T09:43:47.338Z] >>> [apiv2][body] POST https://auth.firebase.tools/attest {"session_id":"18f5a74a-6bcd-4116-a173-4b1fa48acc9b"}
[debug] [2025-05-03T09:43:48.058Z] <<< [apiv2][status] POST https://auth.firebase.tools/attest 200
[debug] [2025-05-03T09:43:48.058Z] <<< [apiv2][body] POST https://auth.firebase.tools/attest {"token":"36Hoib1HBKtd7VN4OmVSVG0e-nIenyATN8O1l4n2pjY"}
[info] 
[info] To sign in to the Firebase CLI:
[info] 
[info] 1. Take note of your session ID:
[info] 
[info]    18F5A
[info] 
[info] 2. Visit the URL below on any device and follow the instructions to get your code:
[info] 
[info]    https://auth.firebase.tools/login?code_challenge=2NbS6qt4J7I0c9ocWoQ_tA54zpTkDayMxWFp_o50hqs&session=18f5a74a-6bcd-4116-a173-4b1fa48acc9b&attest=36Hoib1HBKtd7VN4OmVSVG0e-nIenyATN8O1l4n2pjY
[info] 
[info] 3. Paste or enter the authorization code below once you have it:
[info] 
